****                   ADMIXTURE Version 1.3.0                  ****
****                    Copyright 2008-2015                     ****
****           David Alexander, Suyash Shringarpure,            ****
****                John  Novembre, Ken Lange                   ****
****                                                            ****
****                 Please cite our paper!                     ****
****   Information at www.genetics.ucla.edu/software/admixture  ****

Cross-validation will be performed.  Folds=5.
Parallel execution requested.  Will use 4 threads.
Random seed: 43
Point estimation method: Block relaxation algorithm
Convergence acceleration algorithm: QuasiNewton, 3 secant conditions
Point estimation will terminate when objective function delta < 0.0001
Estimation of standard errors disabled; will compute point estimates only.
Size of G: 105x2215783
Performing five EM steps to prime main algorithm
1 (EM) 	Elapsed: 29.596	Loglikelihood: -7.03803e+07	(delta): 2.48905e+08
2 (EM) 	Elapsed: 34.828	Loglikelihood: -6.28537e+07	(delta): 7.52655e+06
3 (EM) 	Elapsed: 36.963	Loglikelihood: -6.12394e+07	(delta): 1.61431e+06
4 (EM) 	Elapsed: 36.727	Loglikelihood: -5.99157e+07	(delta): 1.32367e+06
5 (EM) 	Elapsed: 35.779	Loglikelihood: -5.83992e+07	(delta): 1.51649e+06
Initial loglikelihood: -5.83992e+07
Starting main algorithm
1 (QN/Block) 	Elapsed: 99.486	Loglikelihood: -3.53784e+07	(delta): 2.30208e+07
2 (QN/Block) 	Elapsed: 96.859	Loglikelihood: -3.09942e+07	(delta): 4.38418e+06
3 (QN/Block) 	Elapsed: 98.188	Loglikelihood: -2.94386e+07	(delta): 1.55565e+06
4 (QN/Block) 	Elapsed: 103.301	Loglikelihood: -2.83652e+07	(delta): 1.07336e+06
5 (QN/Block) 	Elapsed: 106.188	Loglikelihood: -2.77685e+07	(delta): 596691
6 (QN/Block) 	Elapsed: 102.82	Loglikelihood: -2.74442e+07	(delta): 324308
7 (QN/Block) 	Elapsed: 109.796	Loglikelihood: -2.72862e+07	(delta): 158021
8 (QN/Block) 	Elapsed: 103.548	Loglikelihood: -2.72029e+07	(delta): 83329
9 (QN/Block) 	Elapsed: 109.445	Loglikelihood: -2.71599e+07	(delta): 43012.5
10 (QN/Block) 	Elapsed: 104.345	Loglikelihood: -2.71365e+07	(delta): 23329.2
11 (QN/Block) 	Elapsed: 103.915	Loglikelihood: -2.71199e+07	(delta): 16580.9
12 (QN/Block) 	Elapsed: 103.406	Loglikelihood: -2.71e+07	(delta): 19904
13 (QN/Block) 	Elapsed: 108.236	Loglikelihood: -2.70894e+07	(delta): 10680.8
14 (QN/Block) 	Elapsed: 103.679	Loglikelihood: -2.70862e+07	(delta): 3145.8
15 (QN/Block) 	Elapsed: 104.397	Loglikelihood: -2.70844e+07	(delta): 1850.02
16 (QN/Block) 	Elapsed: 99.799	Loglikelihood: -2.70834e+07	(delta): 983.35
17 (QN/Block) 	Elapsed: 99.067	Loglikelihood: -2.70829e+07	(delta): 473.542
18 (QN/Block) 	Elapsed: 104.064	Loglikelihood: -2.70827e+07	(delta): 244.31
19 (QN/Block) 	Elapsed: 100.963	Loglikelihood: -2.70826e+07	(delta): 43.774
20 (QN/Block) 	Elapsed: 103.652	Loglikelihood: -2.70826e+07	(delta): 15.5249
21 (QN/Block) 	Elapsed: 104.572	Loglikelihood: -2.70826e+07	(delta): 1.03467
22 (QN/Block) 	Elapsed: 97.461	Loglikelihood: -2.70826e+07	(delta): 0.0907915
23 (QN/Block) 	Elapsed: 101.58	Loglikelihood: -2.70826e+07	(delta): 0.00618241
24 (QN/Block) 	Elapsed: 101.126	Loglikelihood: -2.70826e+07	(delta): 0.000201542
25 (QN/Block) 	Elapsed: 99.275	Loglikelihood: -2.70826e+07	(delta): 4.06057e-07
Summary: 
Converged in 25 iterations (2778.51 sec)
Loglikelihood: -27082604.824822
Fst divergences between estimated populations: 
	Pop0	Pop1	Pop2	Pop3	Pop4	Pop5	
Pop0	
Pop1	0.402	
Pop2	0.483	0.585	
Pop3	0.465	0.489	0.621	
Pop4	0.470	0.568	0.125	0.604	
Pop5	0.401	0.275	0.577	0.490	0.561	
Pop6	0.382	0.128	0.573	0.396	0.557	0.214	
CV error (K=7): 0.18608
Writing output files.
