****                   ADMIXTURE Version 1.3.0                  ****
****                    Copyright 2008-2015                     ****
****           David Alexander, Suyash Shringarpure,            ****
****                John  Novembre, Ken Lange                   ****
****                                                            ****
****                 Please cite our paper!                     ****
****   Information at www.genetics.ucla.edu/software/admixture  ****

Cross-validation will be performed.  Folds=5.
Parallel execution requested.  Will use 4 threads.
Random seed: 43
Point estimation method: Block relaxation algorithm
Convergence acceleration algorithm: QuasiNewton, 3 secant conditions
Point estimation will terminate when objective function delta < 0.0001
Estimation of standard errors disabled; will compute point estimates only.
Size of G: 105x2215783
Performing five EM steps to prime main algorithm
1 (EM) 	Elapsed: 53.98	Loglikelihood: -7.02105e+07	(delta): 2.44701e+08
2 (EM) 	Elapsed: 52.461	Loglikelihood: -6.22061e+07	(delta): 8.00443e+06
3 (EM) 	Elapsed: 51.22	Loglikelihood: -6.01888e+07	(delta): 2.01726e+06
4 (EM) 	Elapsed: 50.102	Loglikelihood: -5.84092e+07	(delta): 1.77958e+06
5 (EM) 	Elapsed: 50.219	Loglikelihood: -5.64557e+07	(delta): 1.95357e+06
Initial loglikelihood: -5.64557e+07
Starting main algorithm
1 (QN/Block) 	Elapsed: 121.425	Loglikelihood: -3.42936e+07	(delta): 2.2162e+07
2 (QN/Block) 	Elapsed: 130.283	Loglikelihood: -2.96424e+07	(delta): 4.65126e+06
3 (QN/Block) 	Elapsed: 133.719	Loglikelihood: -2.73976e+07	(delta): 2.24475e+06
4 (QN/Block) 	Elapsed: 140.88	Loglikelihood: -2.60202e+07	(delta): 1.37744e+06
5 (QN/Block) 	Elapsed: 135.149	Loglikelihood: -2.51386e+07	(delta): 881564
6 (QN/Block) 	Elapsed: 136.991	Loglikelihood: -2.46092e+07	(delta): 529438
7 (QN/Block) 	Elapsed: 132.89	Loglikelihood: -2.43703e+07	(delta): 238891
8 (QN/Block) 	Elapsed: 129.828	Loglikelihood: -2.42942e+07	(delta): 76046.8
9 (QN/Block) 	Elapsed: 134.633	Loglikelihood: -2.42728e+07	(delta): 21408.6
10 (QN/Block) 	Elapsed: 129.349	Loglikelihood: -2.42653e+07	(delta): 7564.51
11 (QN/Block) 	Elapsed: 136.793	Loglikelihood: -2.42603e+07	(delta): 4989.06
12 (QN/Block) 	Elapsed: 135.313	Loglikelihood: -2.42554e+07	(delta): 4899.6
13 (QN/Block) 	Elapsed: 130.503	Loglikelihood: -2.4254e+07	(delta): 1320.38
14 (QN/Block) 	Elapsed: 134.89	Loglikelihood: -2.42521e+07	(delta): 1932.96
15 (QN/Block) 	Elapsed: 127.641	Loglikelihood: -2.42512e+07	(delta): 917.777
16 (QN/Block) 	Elapsed: 129.732	Loglikelihood: -2.42511e+07	(delta): 124.198
17 (QN/Block) 	Elapsed: 130.746	Loglikelihood: -2.4251e+07	(delta): 36.8562
18 (QN/Block) 	Elapsed: 132.061	Loglikelihood: -2.42506e+07	(delta): 417.851
19 (QN/Block) 	Elapsed: 135.608	Loglikelihood: -2.42464e+07	(delta): 4179.46
20 (QN/Block) 	Elapsed: 134.171	Loglikelihood: -2.42458e+07	(delta): 660.178
21 (QN/Block) 	Elapsed: 136.448	Loglikelihood: -2.42456e+07	(delta): 151.023
22 (QN/Block) 	Elapsed: 133.021	Loglikelihood: -2.42456e+07	(delta): 10.2922
23 (QN/Block) 	Elapsed: 125.468	Loglikelihood: -2.42456e+07	(delta): 1.17518
24 (QN/Block) 	Elapsed: 135.42	Loglikelihood: -2.42456e+07	(delta): 0.192358
25 (QN/Block) 	Elapsed: 131.773	Loglikelihood: -2.42456e+07	(delta): 0.0410447
26 (QN/Block) 	Elapsed: 125.017	Loglikelihood: -2.42456e+07	(delta): 8.57301e-05
Summary: 
Converged in 26 iterations (3744.66 sec)
Loglikelihood: -24245616.711758
Fst divergences between estimated populations: 
	Pop0	Pop1	Pop2	Pop3	Pop4	Pop5	Pop6	Pop7	
Pop0	
Pop1	0.264	
Pop2	0.576	0.573	
Pop3	0.499	0.482	0.531	
Pop4	0.263	0.086	0.570	0.477	
Pop5	0.516	0.431	0.615	0.576	0.413	
Pop6	0.480	0.462	0.522	0.127	0.457	0.552	
Pop7	0.581	0.578	0.148	0.535	0.575	0.621	0.527	
Pop8	0.480	0.459	0.526	0.396	0.454	0.557	0.380	0.530	
CV error (K=9): 0.18025
Writing output files.
