****                   ADMIXTURE Version 1.3.0                  ****
****                    Copyright 2008-2015                     ****
****           David Alexander, Suyash Shringarpure,            ****
****                John  Novembre, Ken Lange                   ****
****                                                            ****
****                 Please cite our paper!                     ****
****   Information at www.genetics.ucla.edu/software/admixture  ****

Cross-validation will be performed.  Folds=5.
Parallel execution requested.  Will use 4 threads.
Random seed: 43
Point estimation method: Block relaxation algorithm
Convergence acceleration algorithm: QuasiNewton, 3 secant conditions
Point estimation will terminate when objective function delta < 0.0001
Estimation of standard errors disabled; will compute point estimates only.
Size of G: 105x2215783
Performing five EM steps to prime main algorithm
1 (EM) 	Elapsed: 33.63	Loglikelihood: -6.98703e+07	(delta): 2.53526e+08
2 (EM) 	Elapsed: 31.427	Loglikelihood: -6.249e+07	(delta): 7.38029e+06
3 (EM) 	Elapsed: 29.874	Loglikelihood: -6.08567e+07	(delta): 1.63332e+06
4 (EM) 	Elapsed: 28.534	Loglikelihood: -5.96954e+07	(delta): 1.16129e+06
5 (EM) 	Elapsed: 30.546	Loglikelihood: -5.86016e+07	(delta): 1.09376e+06
Initial loglikelihood: -5.86016e+07
Starting main algorithm
1 (QN/Block) 	Elapsed: 83.587	Loglikelihood: -3.83849e+07	(delta): 2.02167e+07
2 (QN/Block) 	Elapsed: 85.668	Loglikelihood: -3.2929e+07	(delta): 5.45589e+06
3 (QN/Block) 	Elapsed: 81.441	Loglikelihood: -2.95558e+07	(delta): 3.37326e+06
4 (QN/Block) 	Elapsed: 90.302	Loglikelihood: -2.7679e+07	(delta): 1.87674e+06
5 (QN/Block) 	Elapsed: 87.038	Loglikelihood: -2.67211e+07	(delta): 957932
6 (QN/Block) 	Elapsed: 88.859	Loglikelihood: -2.6263e+07	(delta): 458095
7 (QN/Block) 	Elapsed: 88.88	Loglikelihood: -2.60872e+07	(delta): 175822
8 (QN/Block) 	Elapsed: 89.901	Loglikelihood: -2.60263e+07	(delta): 60843.2
9 (QN/Block) 	Elapsed: 83.07	Loglikelihood: -2.60075e+07	(delta): 18825.2
10 (QN/Block) 	Elapsed: 86.106	Loglikelihood: -2.60018e+07	(delta): 5675.49
11 (QN/Block) 	Elapsed: 87.697	Loglikelihood: -2.59997e+07	(delta): 2144.28
12 (QN/Block) 	Elapsed: 87.218	Loglikelihood: -2.59989e+07	(delta): 750.572
13 (QN/Block) 	Elapsed: 83.666	Loglikelihood: -2.59988e+07	(delta): 139.477
14 (QN/Block) 	Elapsed: 83.488	Loglikelihood: -2.59988e+07	(delta): 18.1573
15 (QN/Block) 	Elapsed: 80.493	Loglikelihood: -2.59988e+07	(delta): 1.76509
16 (QN/Block) 	Elapsed: 95.041	Loglikelihood: -2.59988e+07	(delta): 0.668499
17 (QN/Block) 	Elapsed: 91.156	Loglikelihood: -2.59988e+07	(delta): 0.0943161
18 (QN/Block) 	Elapsed: 93.304	Loglikelihood: -2.59988e+07	(delta): 6.43171e-05
Summary: 
Converged in 18 iterations (1745.84 sec)
Loglikelihood: -25998780.386298
Fst divergences between estimated populations: 
	Pop0	Pop1	Pop2	Pop3	Pop4	
Pop0	
Pop1	0.511	
Pop2	0.545	0.546	
Pop3	0.367	0.488	0.467	
Pop4	0.519	0.536	0.246	0.435	
Pop5	0.618	0.582	0.524	0.532	0.399	
CV error (K=6): 0.14182
Writing output files.
