****                   ADMIXTURE Version 1.3.0                  ****
****                    Copyright 2008-2015                     ****
****           David Alexander, Suyash Shringarpure,            ****
****                John  Novembre, Ken Lange                   ****
****                                                            ****
****                 Please cite our paper!                     ****
****   Information at www.genetics.ucla.edu/software/admixture  ****

Cross-validation will be performed.  Folds=5.
Parallel execution requested.  Will use 4 threads.
Random seed: 43
Point estimation method: Block relaxation algorithm
Convergence acceleration algorithm: QuasiNewton, 3 secant conditions
Point estimation will terminate when objective function delta < 0.0001
Estimation of standard errors disabled; will compute point estimates only.
Size of G: 105x2215783
Performing five EM steps to prime main algorithm
1 (EM) 	Elapsed: 12.391	Loglikelihood: -6.66168e+07	(delta): 3.05573e+08
2 (EM) 	Elapsed: 11.995	Loglikelihood: -6.32083e+07	(delta): 3.40847e+06
3 (EM) 	Elapsed: 10.01	Loglikelihood: -6.26663e+07	(delta): 541944
4 (EM) 	Elapsed: 11.334	Loglikelihood: -6.24379e+07	(delta): 228471
5 (EM) 	Elapsed: 12.294	Loglikelihood: -6.23243e+07	(delta): 113537
Initial loglikelihood: -6.23243e+07
Starting main algorithm
1 (QN/Block) 	Elapsed: 27.779	Loglikelihood: -5.08612e+07	(delta): 1.14631e+07
2 (QN/Block) 	Elapsed: 27.468	Loglikelihood: -4.54987e+07	(delta): 5.36259e+06
3 (QN/Block) 	Elapsed: 36.778	Loglikelihood: -4.42756e+07	(delta): 1.22308e+06
4 (QN/Block) 	Elapsed: 36.627	Loglikelihood: -4.2501e+07	(delta): 1.77455e+06
5 (QN/Block) 	Elapsed: 33.48	Loglikelihood: -4.08637e+07	(delta): 1.63728e+06
6 (QN/Block) 	Elapsed: 37.898	Loglikelihood: -4.06429e+07	(delta): 220859
7 (QN/Block) 	Elapsed: 31.827	Loglikelihood: -4.06127e+07	(delta): 30203
8 (QN/Block) 	Elapsed: 37.632	Loglikelihood: -4.06105e+07	(delta): 2203.1
9 (QN/Block) 	Elapsed: 34.579	Loglikelihood: -4.06098e+07	(delta): 672.094
10 (QN/Block) 	Elapsed: 34.462	Loglikelihood: -4.06096e+07	(delta): 194.138
11 (QN/Block) 	Elapsed: 36.294	Loglikelihood: -4.06096e+07	(delta): 11.4867
12 (QN/Block) 	Elapsed: 37.171	Loglikelihood: -4.06096e+07	(delta): 0.0662928
13 (QN/Block) 	Elapsed: 35.705	Loglikelihood: -4.06096e+07	(delta): 0.000250101
14 (QN/Block) 	Elapsed: 30.723	Loglikelihood: -4.06096e+07	(delta): 7.72625e-06
Summary: 
Converged in 14 iterations (549.583 sec)
Loglikelihood: -40609600.382511
Fst divergences between estimated populations: 
	Pop0	
Pop0	
Pop1	0.457	
CV error (K=2): 0.19723
Writing output files.
