****                   ADMIXTURE Version 1.3.0                  ****
****                    Copyright 2008-2015                     ****
****           David Alexander, Suyash Shringarpure,            ****
****                John  Novembre, Ken Lange                   ****
****                                                            ****
****                 Please cite our paper!                     ****
****   Information at www.genetics.ucla.edu/software/admixture  ****

Cross-validation will be performed.  Folds=5.
Parallel execution requested.  Will use 4 threads.
Random seed: 43
Point estimation method: Block relaxation algorithm
Convergence acceleration algorithm: QuasiNewton, 3 secant conditions
Point estimation will terminate when objective function delta < 0.0001
Estimation of standard errors disabled; will compute point estimates only.
Size of G: 105x2215783
Performing five EM steps to prime main algorithm
1 (EM) 	Elapsed: 18.551	Loglikelihood: -6.92539e+07	(delta): 2.6641e+08
2 (EM) 	Elapsed: 17.505	Loglikelihood: -6.28466e+07	(delta): 6.40735e+06
3 (EM) 	Elapsed: 17.624	Loglikelihood: -6.15321e+07	(delta): 1.3145e+06
4 (EM) 	Elapsed: 18.409	Loglikelihood: -6.05864e+07	(delta): 945649
5 (EM) 	Elapsed: 17.946	Loglikelihood: -5.96114e+07	(delta): 975011
Initial loglikelihood: -5.96114e+07
Starting main algorithm
1 (QN/Block) 	Elapsed: 50.555	Loglikelihood: -4.12136e+07	(delta): 1.83978e+07
2 (QN/Block) 	Elapsed: 53.208	Loglikelihood: -3.59356e+07	(delta): 5.27806e+06
3 (QN/Block) 	Elapsed: 58.176	Loglikelihood: -3.44504e+07	(delta): 1.48512e+06
4 (QN/Block) 	Elapsed: 54.395	Loglikelihood: -3.31021e+07	(delta): 1.34837e+06
5 (QN/Block) 	Elapsed: 54.027	Loglikelihood: -3.08011e+07	(delta): 2.30098e+06
6 (QN/Block) 	Elapsed: 61.012	Loglikelihood: -2.96947e+07	(delta): 1.10644e+06
7 (QN/Block) 	Elapsed: 56.267	Loglikelihood: -2.9004e+07	(delta): 690647
8 (QN/Block) 	Elapsed: 57.598	Loglikelihood: -2.85765e+07	(delta): 427539
9 (QN/Block) 	Elapsed: 60.436	Loglikelihood: -2.84376e+07	(delta): 138887
10 (QN/Block) 	Elapsed: 57.198	Loglikelihood: -2.83886e+07	(delta): 48983.6
11 (QN/Block) 	Elapsed: 60.541	Loglikelihood: -2.83715e+07	(delta): 17067.2
12 (QN/Block) 	Elapsed: 56.582	Loglikelihood: -2.83686e+07	(delta): 2975.96
13 (QN/Block) 	Elapsed: 57.684	Loglikelihood: -2.83676e+07	(delta): 926.686
14 (QN/Block) 	Elapsed: 57.747	Loglikelihood: -2.83672e+07	(delta): 438.935
15 (QN/Block) 	Elapsed: 59.697	Loglikelihood: -2.8367e+07	(delta): 210.437
16 (QN/Block) 	Elapsed: 61.87	Loglikelihood: -2.8367e+07	(delta): 9.32358
17 (QN/Block) 	Elapsed: 59.203	Loglikelihood: -2.8367e+07	(delta): 0.0365783
18 (QN/Block) 	Elapsed: 55.513	Loglikelihood: -2.8367e+07	(delta): 0.00046695
19 (QN/Block) 	Elapsed: 56.049	Loglikelihood: -2.8367e+07	(delta): 5.08875e-06
Summary: 
Converged in 19 iterations (1198.93 sec)
Loglikelihood: -28366968.467216
Fst divergences between estimated populations: 
	Pop0	Pop1	Pop2	
Pop0	
Pop1	0.503	
Pop2	0.536	0.473	
Pop3	0.486	0.384	0.438	
CV error (K=4): 0.14806
Writing output files.
